Arguments: 
  C:\Program Files\nodejs\node.exe C:\Program Files (x86)\Yarn\bin\yarn.js add react-native-tab-view react-native-gesture-handler

PATH: 
  C:\ProgramData\Oracle\Java\javapath;C:\Windows\system32;C:\Windows;C:\Windows\System32\Wbem;C:\Windows\System32\WindowsPowerShell\v1.0\;C:\ProgramData\chocolatey\bin;C:\Program Files (x86)\Yarn\bin;C:\Program Files\nodejs\;C:\PHP7;C:\Program Files\Git\cmd;C:\Program Files (x86)\Brackets\command;C:\Program Files\erl8.3\bin;C:\Program Files (x86)\Elixir\bin;C:\Users\sammy\.mix\escripts;C:\Program Files\Java\jdk-9.0.4\bin;C:\Users\sammy\AppData\Local\Microsoft\WindowsApps;C:\Users\sammy\AppData\Local\Yarn\bin;C:\Users\sammy\AppData\Roaming\npm;C:\Users\sammy\AppData\Local\atom\bin;C:\Users\sammy\AppData\Local\GitHubDesktop\bin;C:\Program Files\Microsoft VS Code\bin;C:\Program Files\Java\jdk-9.0.4\bin;

Yarn version: 
  1.3.2

Node version: 
  9.3.0

Platform: 
  win32 x64

npm manifest: 
  {
    "main": "node_modules/expo/AppEntry.js",
    "private": true,
    "dependencies": {
      "axios": "^0.17.1",
      "expo": "^24.0.0",
      "firebase": "^4.8.1",
      "mobx": "^3.4.1",
      "mobx-react": "^4.3.5",
      "native-base": "^2.3.5",
      "react": "16.0.0",
      "react-native": "https://github.com/expo/react-native/archive/sdk-24.0.0.tar.gz",
      "react-navigation": "^1.0.0-beta.22"
    },
    "devDependencies": {
      "babel-plugin-transform-decorators-legacy": "^1.3.4"
    }
  }

yarn manifest: 
  No manifest

Lockfile: 
  No lockfile

Trace: 
  Error: EPERM: operation not permitted, unlink 'C:\Users\sammy\foodexpress\node_modules\babel-plugin-transform-define\src'
